# JRE version: OpenJDK Runtime Environment (8.0_76-b03) (build 1.8.0_76-release-b03)
# Java VM: OpenJDK 64-Bit Server VM (25.76-b03 mixed mode windows-amd64 compressed oops)
Heap:
 PSYoungGen      total 413184K, used 400613K [0x00000000e0000000, 0x0000000100000000, 0x0000000100000000)
  eden space 332800K, 96% used [0x00000000e0000000,0x00000000f38b9c30,0x00000000f4500000)
  from space 80384K, 99% used [0x00000000fb180000,0x00000000fffff7e0,0x0000000100000000)
  to   space 95744K, 0% used [0x00000000f4500000,0x00000000f4500000,0x00000000fa280000)
 ParOldGen       total 163840K, used 64350K [0x00000000a0000000, 0x00000000aa000000, 0x00000000e0000000)
  object space 163840K, 39% used [0x00000000a0000000,0x00000000a3ed7bd0,0x00000000aa000000)
 Metaspace       used 76500K, capacity 81602K, committed 81840K, reserved 1120256K
  class space    used 9811K, capacity 10652K, committed 10672K, reserved 1048576K
GC Heap History (10 events):
Event: 4380.750 GC heap before
{Heap before GC invocations=29 (full 7):
 PSYoungGen      total 403456K, used 336384K [0x00000000e0000000, 0x00000000ffb00000, 0x0000000100000000)
  eden space 336384K, 100% used [0x00000000e0000000,0x00000000f4880000,0x00000000f4880000)
  from space 67072K, 0% used [0x00000000f4880000,0x00000000f4880000,0x00000000f8a00000)
  to   space 64512K, 0% used [0x00000000fbc00000,0x00000000fbc00000,0x00000000ffb00000)
 ParOldGen       total 163840K, used 49729K [0x00000000a0000000, 0x00000000aa000000, 0x00000000e0000000)
  object space 163840K, 30% used [0x00000000a0000000,0x00000000a30904e8,0x00000000aa000000)
 Metaspace       used 74598K, capacity 78522K, committed 79152K, reserved 1118208K
  class space    used 9504K, capacity 10175K, committed 10288K, reserved 1048576K
Event: 4380.758 GC heap after
Heap after GC invocations=29 (full 7):
 PSYoungGen      total 415744K, used 7941K [0x00000000e0000000, 0x00000000fe700000, 0x0000000100000000)
  eden space 371712K, 0% used [0x00000000e0000000,0x00000000e0000000,0x00000000f6b00000)
  from space 44032K, 18% used [0x00000000fbc00000,0x00000000fc3c1648,0x00000000fe700000)
  to   space 63488K, 0% used [0x00000000f6b00000,0x00000000f6b00000,0x00000000fa900000)
 ParOldGen       total 163840K, used 49729K [0x00000000a0000000, 0x00000000aa000000, 0x00000000e0000000)
  object space 163840K, 30% used [0x00000000a0000000,0x00000000a30904e8,0x00000000aa000000)
 Metaspace       used 74598K, capacity 78522K, committed 79152K, reserved 1118208K
  class space    used 9504K, capacity 10175K, committed 10288K, reserved 1048576K
}
Event: 4385.999 GC heap before
{Heap before GC invocations=30 (full 7):
 PSYoungGen      total 415744K, used 379653K [0x00000000e0000000, 0x00000000fe700000, 0x0000000100000000)
  eden space 371712K, 100% used [0x00000000e0000000,0x00000000f6b00000,0x00000000f6b00000)
  from space 44032K, 18% used [0x00000000fbc00000,0x00000000fc3c1648,0x00000000fe700000)
  to   space 63488K, 0% used [0x00000000f6b00000,0x00000000f6b00000,0x00000000fa900000)
 ParOldGen       total 163840K, used 49729K [0x00000000a0000000, 0x00000000aa000000, 0x00000000e0000000)
  object space 163840K, 30% used [0x00000000a0000000,0x00000000a30904e8,0x00000000aa000000)
 Metaspace       used 75304K, capacity 79592K, committed 79792K, reserved 1118208K
  class space    used 9603K, capacity 10294K, committed 10416K, reserved 1048576K
Event: 4386.023 GC heap after
Heap after GC invocations=30 (full 7):
 PSYoungGen      total 435200K, used 25586K [0x00000000e0000000, 0x0000000100000000, 0x0000000100000000)
  eden space 371712K, 0% used [0x00000000e0000000,0x00000000e0000000,0x00000000f6b00000)
  from space 63488K, 40% used [0x00000000f6b00000,0x00000000f83fc8b0,0x00000000fa900000)
  to   space 60416K, 0% used [0x00000000fc500000,0x00000000fc500000,0x0000000100000000)
 ParOldGen       total 163840K, used 49729K [0x00000000a0000000, 0x00000000aa000000, 0x00000000e0000000)
  object space 163840K, 30% used [0x00000000a0000000,0x00000000a30904e8,0x00000000aa000000)
 Metaspace       used 75304K, capacity 79592K, committed 79792K, reserved 1118208K
  class space    used 9603K, capacity 10294K, committed 10416K, reserved 1048576K
}
Event: 4386.743 GC heap before
{Heap before GC invocations=31 (full 7):
 PSYoungGen      total 435200K, used 397298K [0x00000000e0000000, 0x0000000100000000, 0x0000000100000000)
  eden space 371712K, 100% used [0x00000000e0000000,0x00000000f6b00000,0x00000000f6b00000)
  from space 63488K, 40% used [0x00000000f6b00000,0x00000000f83fc8b0,0x00000000fa900000)
  to   space 60416K, 0% used [0x00000000fc500000,0x00000000fc500000,0x0000000100000000)
 ParOldGen       total 163840K, used 49730K [0x00000000a0000000, 0x00000000aa000000, 0x00000000e0000000)
  object space 163840K, 30% used [0x00000000a0000000,0x00000000a3090b20,0x00000000aa000000)
 Metaspace       used 75314K, capacity 79592K, committed 79792K, reserved 1118208K
  class space    used 9604K, capacity 10294K, committed 10416K, reserved 1048576K
Event: 4386.827 GC heap after
Heap after GC invocations=31 (full 7):
 PSYoungGen      total 439296K, used 60386K [0x00000000e0000000, 0x0000000100000000, 0x0000000100000000)
  eden space 378880K, 0% used [0x00000000e0000000,0x00000000e0000000,0x00000000f7200000)
  from space 60416K, 99% used [0x00000000fc500000,0x00000000ffff8af8,0x0000000100000000)
  to   space 72704K, 0% used [0x00000000f7200000,0x00000000f7200000,0x00000000fb900000)
 ParOldGen       total 163840K, used 57499K [0x00000000a0000000, 0x00000000aa000000, 0x00000000e0000000)
  object space 163840K, 35% used [0x00000000a0000000,0x00000000a3826e40,0x00000000aa000000)
 Metaspace       used 75314K, capacity 79592K, committed 79792K, reserved 1118208K
  class space    used 9604K, capacity 10294K, committed 10416K, reserved 1048576K
}
Event: 4386.829 GC heap before
{Heap before GC invocations=32 (full 7):
 PSYoungGen      total 439296K, used 65095K [0x00000000e0000000, 0x0000000100000000, 0x0000000100000000)
  eden space 378880K, 1% used [0x00000000e0000000,0x00000000e04994b0,0x00000000f7200000)
  from space 60416K, 99% used [0x00000000fc500000,0x00000000ffff8af8,0x0000000100000000)
  to   space 72704K, 0% used [0x00000000f7200000,0x00000000f7200000,0x00000000fb900000)
 ParOldGen       total 163840K, used 57499K [0x00000000a0000000, 0x00000000aa000000, 0x00000000e0000000)
  object space 163840K, 35% used [0x00000000a0000000,0x00000000a3826e40,0x00000000aa000000)
 Metaspace       used 75314K, capacity 79592K, committed 79792K, reserved 1118208K
  class space    used 9604K, capacity 10294K, committed 10416K, reserved 1048576K
Event: 4386.876 GC heap after
Heap after GC invocations=32 (full 7):
 PSYoungGen      total 439808K, used 60492K [0x00000000e0000000, 0x0000000100000000, 0x0000000100000000)
  eden space 378880K, 0% used [0x00000000e0000000,0x00000000e0000000,0x00000000f7200000)
  from space 60928K, 99% used [0x00000000f7200000,0x00000000fad13238,0x00000000fad80000)
  to   space 80384K, 0% used [0x00000000fb180000,0x00000000fb180000,0x0000000100000000)
 ParOldGen       total 163840K, used 57507K [0x00000000a0000000, 0x00000000aa000000, 0x00000000e0000000)
  object space 163840K, 35% used [0x00000000a0000000,0x00000000a3828e40,0x00000000aa000000)
 Metaspace       used 75314K, capacity 79592K, committed 79792K, reserved 1118208K
  class space    used 9604K, capacity 10294K, committed 10416K, reserved 1048576K
}
Event: 4387.640 GC heap before
{Heap before GC invocations=33 (full 7):
 PSYoungGen      total 439808K, used 439372K [0x00000000e0000000, 0x0000000100000000, 0x0000000100000000)
  eden space 378880K, 100% used [0x00000000e0000000,0x00000000f7200000,0x00000000f7200000)
  from space 60928K, 99% used [0x00000000f7200000,0x00000000fad13238,0x00000000fad80000)
  to   space 80384K, 0% used [0x00000000fb180000,0x00000000fb180000,0x0000000100000000)
 ParOldGen       total 163840K, used 57507K [0x00000000a0000000, 0x00000000aa000000, 0x00000000e0000000)
  object space 163840K, 35% used [0x00000000a0000000,0x00000000a3828e40,0x00000000aa000000)
 Metaspace       used 75333K, capacity 79592K, committed 79792K, reserved 1118208K
  class space    used 9604K, capacity 10294K, committed 10416K, reserved 1048576K
Event: 4387.705 GC heap after
Heap after GC invocations=33 (full 7):
 PSYoungGen      total 413184K, used 80381K [0x00000000e0000000, 0x0000000100000000, 0x0000000100000000)
  eden space 332800K, 0% used [0x00000000e0000000,0x00000000e0000000,0x00000000f4500000)
  from space 80384K, 99% used [0x00000000fb180000,0x00000000fffff7e0,0x0000000100000000)
  to   space 95744K, 0% used [0x00000000f4500000,0x00000000f4500000,0x00000000fa280000)
 ParOldGen       total 163840K, used 64350K [0x00000000a0000000, 0x00000000aa000000, 0x00000000e0000000)
  object space 163840K, 39% used [0x00000000a0000000,0x00000000a3ed7bd0,0x00000000aa000000)
 Metaspace       used 75333K, capacity 79592K, committed 79792K, reserved 1118208K
  class space    used 9604K, capacity 10294K, committed 10416K, reserved 1048576K
}

